2026-03-13 07:20:04 | INFO | src.extract:13 | Début de l'extraction des données brutes
2026-03-13 07:20:04 | SUCCESS | src.extract:18 | Extraction des données brutes effectués avec succée
2026-03-13 07:20:04 | INFO | src.clean:11 | Début du néttoyage des données brutes
2026-03-13 07:20:04 | INFO | src.clean:47 | Néttoyage des données brutes reussi avec succée
2026-03-13 07:20:04 | INFO | src.features:11 | Début de l'ajout des features
2026-03-13 07:20:04 | INFO | src.features:20 | Ajout des features réussi avec succée
2026-03-13 07:20:04 | INFO | src.analysis.analysis_category:13 | Début de l'analyse par catégorie
2026-03-13 07:20:04 | INFO | src.analysis.analysis_category:31 | Analyse par catégorie réussi avec succée
2026-03-13 07:20:04 | INFO | src.analysis.analyses_city:13 | Début de l'analyse par région
2026-03-13 07:20:04 | INFO | src.analysis.analyses_city:30 | Analyse par région réussi avec succée
2026-03-13 07:20:04 | INFO | src.analysis.analysis_status:13 | Début de l'analyse par statut
2026-03-13 07:20:04 | INFO | src.analysis.analysis_status:30 | Analyse par statut réussi avec succée
2026-03-13 07:20:04 | INFO | src.report:12 | Début de la génération du fichier Excel multi-onglets
2026-03-13 07:20:04 | INFO | src.report:38 | Début de la génération du feuille Données Brutes
2026-03-13 07:20:04 | INFO | src.report:42 | Application du formatage de l'entete sur la feuille Données Brutes
2026-03-13 07:20:04 | INFO | src.report:44 | Fixation de l'entete sur la feuille Données Brutes
2026-03-13 07:20:04 | INFO | src.report:46 | Application de l'auto_filter sur la feuille Données Brutes
2026-03-13 07:20:04 | INFO | src.report:38 | Début de la génération du feuille Données Néttoyées au Complet
2026-03-13 07:20:04 | INFO | src.report:42 | Application du formatage de l'entete sur la feuille Données Néttoyées au Complet
2026-03-13 07:20:04 | INFO | src.report:44 | Fixation de l'entete sur la feuille Données Néttoyées au Complet
2026-03-13 07:20:04 | INFO | src.report:46 | Application de l'auto_filter sur la feuille Données Néttoyées au Complet
2026-03-13 07:20:04 | INFO | src.report:38 | Début de la génération du feuille Données Par Catégories
2026-03-13 07:20:04 | INFO | src.report:42 | Application du formatage de l'entete sur la feuille Données Par Catégories
2026-03-13 07:20:04 | INFO | src.report:44 | Fixation de l'entete sur la feuille Données Par Catégories
2026-03-13 07:20:04 | INFO | src.report:46 | Application de l'auto_filter sur la feuille Données Par Catégories
2026-03-13 07:20:04 | INFO | src.report:84 | Début de la création du graphique pour la feuille Données Par Catégories
2026-03-13 07:20:04 | INFO | src.report:110 | Graphique crée avec succée pour la feuille Données Par Catégories
2026-03-13 07:20:04 | INFO | src.report:38 | Début de la génération du feuille Données Par City
2026-03-13 07:20:04 | INFO | src.report:42 | Application du formatage de l'entete sur la feuille Données Par City
2026-03-13 07:20:04 | INFO | src.report:44 | Fixation de l'entete sur la feuille Données Par City
2026-03-13 07:20:04 | INFO | src.report:46 | Application de l'auto_filter sur la feuille Données Par City
2026-03-13 07:20:04 | INFO | src.report:153 | Début de la création du graphique pour la feuille Données Par City
2026-03-13 07:20:04 | INFO | src.report:169 | Graphique crée avec succée pour la feuille Données Par City
2026-03-13 07:20:04 | INFO | src.report:38 | Début de la génération du feuille Données Par Status
2026-03-13 07:20:04 | INFO | src.report:42 | Application du formatage de l'entete sur la feuille Données Par Status
2026-03-13 07:20:04 | INFO | src.report:44 | Fixation de l'entete sur la feuille Données Par Status
2026-03-13 07:20:04 | INFO | src.report:46 | Application de l'auto_filter sur la feuille Données Par Status
2026-03-13 07:20:04 | INFO | src.report:114 | Début de la création du graphique pour la feuille Données Par Status
2026-03-13 07:20:04 | INFO | src.report:149 | Graphique crée avec succée pour la feuille Données Par Status
2026-03-13 07:20:04 | SUCCESS | src.report:171 | Feuille Excel de Repporting Données Par Status crée avec succée
2026-03-13 07:20:04 | SUCCESS | src.report:173 | Fichier Excel de Repporting donnée_vente_E-commerce_13-03-2026_07-20.xlsx a étais crée avec succée
